<?xml version="1.0" encoding="UTF-8"?>
<!-- Generated by org.testng.reporters.JUnitReportReporter -->
<testsuite hostname="DESKTOP-QNHJ5Q7" name="crossbrowser.LoginCrossTest" tests="2" failures="0" timestamp="5 Dec 2022 15:48:12 GMT" time="74.280" errors="0">
  <testcase name="verifyLogin" time="37.233" classname="crossbrowser.LoginCrossTest"/>
  <testcase name="verifyLogin" time="37.047" classname="crossbrowser.LoginCrossTest"/>
</testsuite> <!-- crossbrowser.LoginCrossTest -->
