<?xml version="1.0" encoding="UTF-8"?>
<!-- Generated by org.testng.reporters.JUnitReportReporter -->
<testsuite hostname="DESKTOP-QNHJ5Q7" name="actions.RightClcikDoubleClick" tests="2" failures="0" timestamp="4 Dec 2022 10:39:56 GMT" time="3.491" errors="0">
  <testcase name="RightClickTest" time="3.300" classname="actions.RightClcikDoubleClick"/>
  <testcase name="DoubleClickTest" time="0.191" classname="actions.RightClcikDoubleClick"/>
</testsuite> <!-- actions.RightClcikDoubleClick -->
