<?xml version="1.0" encoding="UTF-8"?>
<!-- Generated by org.testng.reporters.JUnitReportReporter -->
<testsuite hostname="DESKTOP-QNHJ5Q7" name="locators.HRMLoginLocators" tests="1" failures="0" timestamp="29 Nov 2022 05:40:58 GMT" time="33.284" errors="0">
  <testcase name="verifylogin" time="33.284" classname="locators.HRMLoginLocators"/>
</testsuite> <!-- locators.HRMLoginLocators -->
