<?xml version="1.0" encoding="UTF-8"?>
<!-- Generated by org.testng.reporters.JUnitReportReporter -->
<testsuite hostname="DESKTOP-QNHJ5Q7" name="actions.AmazonWishListMouseOver" tests="1" failures="0" timestamp="4 Dec 2022 10:13:06 GMT" time="1.687" errors="0">
  <testcase name="AmazonWishList" time="1.687" classname="actions.AmazonWishListMouseOver"/>
</testsuite> <!-- actions.AmazonWishListMouseOver -->
