<?xml version="1.0" encoding="UTF-8"?>
<!-- Generated by org.testng.reporters.JUnitReportReporter -->
<testsuite hostname="DESKTOP-QNHJ5Q7" name="controlhandles.HandleAlertpopup0212" tests="1" failures="0" timestamp="5 Dec 2022 08:41:31 GMT" time="16.455" errors="0">
  <testcase name="verifyAlert" time="16.455" classname="controlhandles.HandleAlertpopup0212"/>
</testsuite> <!-- controlhandles.HandleAlertpopup0212 -->
