<?xml version="1.0" encoding="UTF-8"?>
<!-- Generated by org.testng.reporters.JUnitReportReporter -->
<testsuite hostname="DESKTOP-QNHJ5Q7" name="locators.LocatorsProgram" tests="1" failures="0" timestamp="29 Nov 2022 05:45:03 GMT" time="29.968" errors="0">
  <testcase name="login" time="29.968" classname="locators.LocatorsProgram"/>
</testsuite> <!-- locators.LocatorsProgram -->
