<?xml version="1.0" encoding="UTF-8"?>
<!-- Generated by org.testng.reporters.JUnitReportReporter -->
<testsuite hostname="DESKTOP-QNHJ5Q7" name="actions.DragDrop0412_1" tests="1" failures="0" timestamp="4 Dec 2022 11:26:00 GMT" time="10.929" errors="0">
  <testcase name="DragAndDropOperations" time="10.929" classname="actions.DragDrop0412_1"/>
</testsuite> <!-- actions.DragDrop0412_1 -->
