<?xml version="1.0" encoding="UTF-8"?>
<!-- Generated by org.testng.reporters.JUnitReportReporter -->
<testsuite hostname="DESKTOP-QNHJ5Q7" name="dataProvider.DataProvideNComExample" tests="3" failures="0" timestamp="7 Dec 2022 09:46:35 GMT" time="29.287" errors="0">
  <testcase name="verifyLoginFeatureWithInValid" time="9.710" classname="dataProvider.DataProvideNComExample"/>
  <testcase name="verifyLoginFeatureWithInValid" time="9.817" classname="dataProvider.DataProvideNComExample"/>
  <testcase name="verifyLoginFeatureWithInValid" time="9.760" classname="dataProvider.DataProvideNComExample"/>
</testsuite> <!-- dataProvider.DataProvideNComExample -->
