<?xml version="1.0" encoding="UTF-8"?>
<!-- Generated by org.testng.reporters.JUnitReportReporter -->
<testsuite hostname="DESKTOP-QNHJ5Q7" name="javascriptExecutor.MynthraJavaScript0212" tests="1" failures="0" timestamp="4 Dec 2022 09:02:20 GMT" time="4.941" errors="0">
  <testcase name="ScrollView" time="4.941" classname="javascriptExecutor.MynthraJavaScript0212"/>
</testsuite> <!-- javascriptExecutor.MynthraJavaScript0212 -->
