<?xml version="1.0" encoding="UTF-8"?>
<!-- Generated by org.testng.reporters.JUnitReportReporter -->
<testsuite hostname="DESKTOP-QNHJ5Q7" name="controlhandles.Handledropdowns" tests="1" failures="0" timestamp="1 Dec 2022 08:58:40 GMT" time="7.803" errors="0">
  <testcase name="verifyList" time="7.803" classname="controlhandles.Handledropdowns"/>
</testsuite> <!-- controlhandles.Handledropdowns -->
