<?xml version="1.0" encoding="UTF-8"?>
<!-- Generated by org.testng.reporters.JUnitReportReporter -->
<testsuite hostname="DESKTOP-QNHJ5Q7" name="locators.Amazonlocators" tests="1" failures="0" timestamp="29 Nov 2022 16:00:58 GMT" time="17.851" errors="0">
  <testcase name="verifySeemore" time="17.851" classname="locators.Amazonlocators"/>
</testsuite> <!-- locators.Amazonlocators -->
