<?xml version="1.0" encoding="UTF-8"?>
<!-- Generated by org.testng.reporters.JUnitReportReporter -->
<testsuite hostname="DESKTOP-QNHJ5Q7" name="testngpractise.TestNgAnnotations" tests="2" failures="0" timestamp="30 Nov 2022 10:35:49 GMT" time="0.000" errors="0">
  <testcase name="login" time="0.000" classname="testngpractise.TestNgAnnotations"/>
  <testcase name="logout" time="0.000" classname="testngpractise.TestNgAnnotations"/>
</testsuite> <!-- testngpractise.TestNgAnnotations -->
