<?xml version="1.0" encoding="UTF-8"?>
<!-- Generated by org.testng.reporters.JUnitReportReporter -->
<testsuite hostname="DESKTOP-QNHJ5Q7" name="screenshotExample.ScreenshotExample" tests="1" failures="0" timestamp="4 Dec 2022 11:35:32 GMT" time="4.462" errors="0">
  <testcase name="AmazonWishList" time="4.462" classname="screenshotExample.ScreenshotExample"/>
</testsuite> <!-- screenshotExample.ScreenshotExample -->
