<?xml version="1.0" encoding="UTF-8"?>
<!-- Generated by org.testng.reporters.JUnitReportReporter -->
<testsuite hostname="DESKTOP-QNHJ5Q7" name="log4jExamples.LoginTest" tests="1" failures="0" timestamp="5 Dec 2022 09:32:46 GMT" time="38.356" errors="0">
  <testcase name="verifyLogin" time="38.356" classname="log4jExamples.LoginTest"/>
</testsuite> <!-- log4jExamples.LoginTest -->
