<?xml version="1.0" encoding="UTF-8"?>
<!-- Generated by org.testng.reporters.JUnitReportReporter -->
<testsuite hostname="DESKTOP-QNHJ5Q7" name="frames.ModelAlertJavaScript03Dec" tests="1" failures="0" timestamp="3 Dec 2022 14:03:08 GMT" time="4.192" errors="0">
  <testcase name="launchmodal" time="4.192" classname="frames.ModelAlertJavaScript03Dec"/>
</testsuite> <!-- frames.ModelAlertJavaScript03Dec -->
