<?xml version="1.0" encoding="UTF-8"?>
<!-- Generated by org.testng.reporters.JUnitReportReporter -->
<testsuite hostname="DESKTOP-QNHJ5Q7" name="testngpractise.TestNGExample" tests="4" failures="0" timestamp="1 Dec 2022 05:03:08 GMT" time="0.008" errors="0">
  <testcase name="logout" time="0.001" classname="testngpractise.TestNGExample"/>
  <testcase name="login" time="0.006" classname="testngpractise.TestNGExample"/>
  <testcase name="addItems" time="0.000" classname="testngpractise.TestNGExample"/>
  <testcase name="payment" time="0.001" classname="testngpractise.TestNGExample"/>
</testsuite> <!-- testngpractise.TestNGExample -->
