<?xml version="1.0" encoding="UTF-8"?>
<!-- Generated by org.testng.reporters.JUnitReportReporter -->
<testsuite hostname="DESKTOP-QNHJ5Q7" name="tests.LoginTest" tests="1" failures="0" timestamp="7 Dec 2022 09:05:52 GMT" time="23.990" errors="0">
  <testcase name="verifyLogin" time="23.990" classname="tests.LoginTest"/>
</testsuite> <!-- tests.LoginTest -->
