<?xml version="1.0" encoding="UTF-8"?>
<!-- Generated by org.testng.reporters.JUnitReportReporter -->
<testsuite hostname="DESKTOP-QNHJ5Q7" name="frames.SwitchToFrame03Dec" tests="1" failures="0" timestamp="3 Dec 2022 13:14:08 GMT" time="3.290" errors="0">
  <testcase name="SwitchToFrame" time="3.290" classname="frames.SwitchToFrame03Dec"/>
</testsuite> <!-- frames.SwitchToFrame03Dec -->
