<?xml version="1.0" encoding="UTF-8"?>
<!-- Generated by org.testng.reporters.JUnitReportReporter -->
<testsuite hostname="DESKTOP-QNHJ5Q7" name="locators.LocatorsusingXpathCSS" tests="1" failures="0" timestamp="29 Nov 2022 11:22:30 GMT" time="35.184" errors="0">
  <testcase name="veriflogin" time="35.184" classname="locators.LocatorsusingXpathCSS"/>
</testsuite> <!-- locators.LocatorsusingXpathCSS -->
