<?xml version="1.0" encoding="UTF-8"?>
<!-- Generated by org.testng.reporters.JUnitReportReporter -->
<testsuite hostname="DESKTOP-QNHJ5Q7" failures="0" tests="3" name="dataProvider.DataProvideNComExample" time="29.927" errors="0" timestamp="2022-12-09T03:30:25 PST" skipped="0">
  <testcase classname="dataProvider.DataProvideNComExample" name="verifyLoginFeatureWithInValid" time="9.703"/>
  <testcase classname="dataProvider.DataProvideNComExample" name="verifyLoginFeatureWithInValid" time="10.539"/>
  <testcase classname="dataProvider.DataProvideNComExample" name="verifyLoginFeatureWithInValid" time="9.685"/>
</testsuite> <!-- dataProvider.DataProvideNComExample -->
